#
# There is insufficient memory for the Java Runtime Environment to continue.
# Native memory allocation (malloc) failed to allocate 1048576 bytes for AllocateHeap
# Possible reasons:
#   The system is out of physical RAM or swap space
#   In 32 bit mode, the process size limit was hit
# Possible solutions:
#   Reduce memory load on the system
#   Increase physical memory or swap space
#   Check if swap backing store is full
#   Use 64 bit Java on a 64 bit OS
#   Decrease Java heap size (-Xmx/-Xms)
#   Decrease number of Java threads
#   Decrease Java thread stack sizes (-Xss)
#   Set larger code cache with -XX:ReservedCodeCacheSize=
# This output file may be truncated or incomplete.
#
#  Out of Memory Error (memory/allocation.inline.hpp:61), pid=7844, tid=0x0000000000000a24
#
# JRE version:  (8.0_144-b01) (build )
# Java VM: Java HotSpot(TM) 64-Bit Server VM (25.144-b01 mixed mode windows-amd64 compressed oops)
# Failed to write core dump. Minidumps are not enabled by default on client versions of Windows
#

---------------  T H R E A D  ---------------

Current thread (0x0000000002830800):  JavaThread "Unknown thread" [_thread_in_vm, id=2596, stack(0x0000000002670000,0x0000000002770000)]

Stack: [0x0000000002670000,0x0000000002770000]
[error occurred during error reporting (printing stack bounds), id 0xc0000005]

Native frames: (J=compiled Java code, j=interpreted, Vv=VM code, C=native code)


---------------  P R O C E S S  ---------------

Java Threads: ( => current thread )

Other Threads:

=>0x0000000002830800 (exited) JavaThread "Unknown thread" [_thread_in_vm, id=2596, stack(0x0000000002670000,0x0000000002770000)]

VM state:not at safepoint (normal execution)

VM Mutex/Monitor currently owned by a thread: None

Heap:
 PSYoungGen      total 38400K, used 665K [0x00000000d5c00000, 0x00000000d8680000, 0x0000000100000000)
  eden space 33280K, 2% used [0x00000000d5c00000,0x00000000d5ca6670,0x00000000d7c80000)
  from space 5120K, 0% used [0x00000000d8180000,0x00000000d8180000,0x00000000d8680000)
  to   space 5120K, 0% used [0x00000000d7c80000,0x00000000d7c80000,0x00000000d8180000)
 ParOldGen       total 87552K, used 0K [0x0000000081400000, 0x0000000086980000, 0x00000000d5c00000)
  object space 87552K, 0% used [0x0000000081400000,0x0000000081400000,0x0000000086980000)
 Metaspace       used 746K, capacity 4480K, committed 4480K, reserved 1056768K
  class space    used 75K, capacity 384K, committed 384K, reserved 1048576K

Card table byte_map: [0x0000000011cf0000,0x00000000120f0000] byte_map_base: 0x00000000118e6000

Marking Bits: (ParMarkBitMap*) 0x000000005b97d850
 Begin Bits: [0x00000000127a0000, 0x0000000014750000)
 End Bits:   [0x0000000014750000, 0x0000000016700000)

Polling page: 0x00000000005f0000

CodeCache: size=245760Kb used=328Kb max_used=328Kb free=245431Kb
 bounds [0x0000000002930000, 0x0000000002ba0000, 0x0000000011930000]
 total_blobs=58 nmethods=0 adapters=38
 compilation: enabled

Compilation events (0 events):
No events

GC Heap History (0 events):
No events

Deoptimization events (0 events):
No events

Internal exceptions (0 events):
No events

Events (10 events):
Event: 0.033 loading class java/lang/Short
Event: 0.033 loading class java/lang/Short done
Event: 0.033 loading class java/lang/Integer
Event: 0.033 loading class java/lang/Integer done
Event: 0.033 loading class java/lang/Long
Event: 0.033 loading class java/lang/Long done
Event: 0.034 loading class java/lang/NullPointerException
Event: 0.034 loading class java/lang/NullPointerException done
Event: 0.034 loading class java/lang/ArithmeticException
Event: 0.034 loading class java/lang/ArithmeticException done


Dynamic libraries:
0x00007ff6ee5c0000 - 0x00007ff6ee5f7000 	C:\Program Files\Java\jre1.8.0_144\bin\javaw.exe
0x00007ffe43760000 - 0x00007ffe4393b000 	C:\WINDOWS\SYSTEM32\ntdll.dll
0x00007ffe42550000 - 0x00007ffe425fe000 	C:\WINDOWS\System32\KERNEL32.DLL
0x00007ffe3fc80000 - 0x00007ffe3fec9000 	C:\WINDOWS\System32\KERNELBASE.dll
0x00007ffe427d0000 - 0x00007ffe42871000 	C:\WINDOWS\System32\ADVAPI32.dll
0x00007ffe42610000 - 0x00007ffe426ad000 	C:\WINDOWS\System32\msvcrt.dll
0x00007ffe42fd0000 - 0x00007ffe43029000 	C:\WINDOWS\System32\sechost.dll
0x00007ffe42e40000 - 0x00007ffe42f65000 	C:\WINDOWS\System32\RPCRT4.dll
0x00007ffe43610000 - 0x00007ffe4375a000 	C:\WINDOWS\System32\USER32.dll
0x00007ffe40350000 - 0x00007ffe4036e000 	C:\WINDOWS\System32\win32u.dll
0x00007ffe43470000 - 0x00007ffe43497000 	C:\WINDOWS\System32\GDI32.dll
0x00007ffe401c0000 - 0x00007ffe40348000 	C:\WINDOWS\System32\gdi32full.dll
0x00007ffe40370000 - 0x00007ffe4040a000 	C:\WINDOWS\System32\msvcp_win.dll
0x00007ffe40470000 - 0x00007ffe40566000 	C:\WINDOWS\System32\ucrtbase.dll
0x00007ffe330e0000 - 0x00007ffe33347000 	C:\WINDOWS\WinSxS\amd64_microsoft.windows.common-controls_6595b64144ccf1df_6.0.15063.483_none_26002d27e7c744a2\COMCTL32.dll
0x00007ffe42250000 - 0x00007ffe42549000 	C:\WINDOWS\System32\combase.dll
0x00007ffe40150000 - 0x00007ffe401ba000 	C:\WINDOWS\System32\bcryptPrimitives.dll
0x00007ffe42bb0000 - 0x00007ffe42bdd000 	C:\WINDOWS\System32\IMM32.DLL
0x000000005b060000 - 0x000000005b132000 	C:\Program Files\Java\jre1.8.0_144\bin\msvcr100.dll
0x000000005b160000 - 0x000000005b9fd000 	C:\Program Files\Java\jre1.8.0_144\bin\server\jvm.dll
0x00007ffe42600000 - 0x00007ffe42608000 	C:\WINDOWS\System32\PSAPI.DLL
0x00007ffe33dd0000 - 0x00007ffe33dda000 	C:\WINDOWS\SYSTEM32\VERSION.dll
0x00007ffe2aec0000 - 0x00007ffe2aec9000 	C:\WINDOWS\SYSTEM32\WSOCK32.dll
0x00007ffe3e0c0000 - 0x00007ffe3e0e3000 	C:\WINDOWS\SYSTEM32\WINMM.dll
0x00007ffe42880000 - 0x00007ffe428ec000 	C:\WINDOWS\System32\WS2_32.dll
0x00007ffe3e060000 - 0x00007ffe3e08b000 	C:\WINDOWS\SYSTEM32\WINMMBASE.dll
0x00007ffe40c70000 - 0x00007ffe40cb9000 	C:\WINDOWS\System32\cfgmgr32.dll
0x000000005bd80000 - 0x000000005bd8f000 	C:\Program Files\Java\jre1.8.0_144\bin\verify.dll
0x000000005bd50000 - 0x000000005bd79000 	C:\Program Files\Java\jre1.8.0_144\bin\java.dll
0x000000005bd30000 - 0x000000005bd46000 	C:\Program Files\Java\jre1.8.0_144\bin\zip.dll

VM Arguments:
jvm_args: -Dfile.encoding=UTF-8 
java_command: application.Main
java_class_path (initial): C:\Users\marku\workspace\CanvasTest\bin;C:\eclipse-SDK-4.6.0-win32-x86_64-distro-2.4.0\eclipse\plugins\org.eclipse.fx.ide.css.jfx8_2.4.0.201605112122.jar
Launcher Type: SUN_STANDARD

Environment Variables:
PATH=C:/Program Files/Java/jre1.8.0_144/bin/server;C:/Program Files/Java/jre1.8.0_144/bin;C:/Program Files/Java/jre1.8.0_144/lib/amd64;C:\ProgramData\Oracle\Java\javapath;C:\Program Files (x86)\Lenovo\FusionEngine;C:\WINDOWS\system32;C:\WINDOWS;C:\WINDOWS\System32\Wbem;C:\WINDOWS\System32\WindowsPowerShell\v1.0\;C:\Program Files (x86)\Skype\Phone\;C:\Program Files\Microsoft SQL Server\130\Tools\Binn\;C:\Program Files (x86)\nodejs\;C:\Program Files (x86)\GtkSharp\2.12\bin;C:\Program Files\Microsoft\Web Platform Installer\;C:\Program Files\dotnet\;C:\Program Files (x86)\Xoreax\IncrediBuild;C:\Program Files\leJOS EV3\bin;C:\Program Files\Git\cmd;;C:\Users\marku\AppData\Roaming\npm;C:\Users\marku\AppData\Local\Microsoft\WindowsApps;C:\eclipse-SDK-4.6.0-win32-x86_64-distro-2.4.0\eclipse;
USERNAME=marku
OS=Windows_NT
PROCESSOR_IDENTIFIER=Intel64 Family 6 Model 61 Stepping 4, GenuineIntel



---------------  S Y S T E M  ---------------

OS: Windows 10.0 , 64 bit Build 15063 (10.0.15063.296)

CPU:total 4 (initial active 4) (2 cores per cpu, 2 threads per core) family 6 model 61 stepping 4, cmov, cx8, fxsr, mmx, sse, sse2, sse3, ssse3, sse4.1, sse4.2, popcnt, avx, avx2, aes, clmul, erms, 3dnowpref, lzcnt, ht, tsc, tscinvbit, bmi1, bmi2, adx

Memory: 4k page, physical 8301648k(3853772k free), swap 11830692k(5544k free)

vm_info: Java HotSpot(TM) 64-Bit Server VM (25.144-b01) for windows-amd64 JRE (1.8.0_144-b01), built on Jul 21 2017 21:57:33 by "java_re" with MS VC++ 10.0 (VS2010)

time: Wed Aug 30 10:20:05 2017
elapsed time: 0 seconds (0d 0h 0m 0s)

